  main.cpp
c:\users\koustubh dwivedy\downloads\code\sph\sph\hash.h(132): warning C4101: 'hvalue': unreferenced local variable
c:\users\koustubh dwivedy\downloads\code\sph\sph\kernels.h(7): warning C4244: 'initializing': conversion from 'double' to 'float', possible loss of data
c:\users\koustubh dwivedy\downloads\code\sph\sph\kernels.h(9): warning C4244: 'initializing': conversion from 'double' to 'float', possible loss of data
c:\users\koustubh dwivedy\downloads\code\sph\sph\kernels.h(18): warning C4244: 'initializing': conversion from 'double' to 'float', possible loss of data
c:\users\koustubh dwivedy\downloads\code\sph\sph\kernels.h(20): warning C4244: 'initializing': conversion from 'double' to 'float', possible loss of data
c:\users\koustubh dwivedy\downloads\code\sph\sph\kernels.h(29): warning C4244: 'initializing': conversion from 'double' to 'float', possible loss of data
c:\users\koustubh dwivedy\downloads\code\sph\sph\kernels.h(31): warning C4244: 'initializing': conversion from 'double' to 'float', possible loss of data
c:\users\koustubh dwivedy\downloads\code\sph\sph\kernels.h(42): warning C4244: 'initializing': conversion from 'double' to 'float', possible loss of data
c:\users\koustubh dwivedy\downloads\code\sph\sph\kernels.h(44): warning C4244: 'initializing': conversion from 'double' to 'float', possible loss of data
c:\users\koustubh dwivedy\downloads\code\sph\sph\kernels.h(55): warning C4244: 'initializing': conversion from 'double' to 'float', possible loss of data
c:\users\koustubh dwivedy\downloads\code\sph\sph\kernels.h(57): warning C4244: 'initializing': conversion from 'double' to 'float', possible loss of data
c:\users\koustubh dwivedy\downloads\code\sph\sph\kernels.h(67): warning C4244: 'initializing': conversion from 'double' to 'float', possible loss of data
c:\users\koustubh dwivedy\downloads\code\sph\sph\kernels.h(69): warning C4244: 'initializing': conversion from 'double' to 'float', possible loss of data
c:\users\koustubh dwivedy\downloads\code\sph\sph\kernels.h(82): warning C4244: 'initializing': conversion from 'double' to 'float', possible loss of data
c:\users\koustubh dwivedy\downloads\code\sph\sph\kernels.h(84): warning C4244: 'initializing': conversion from 'double' to 'float', possible loss of data
c:\users\koustubh dwivedy\downloads\code\sph\sph\kernels.h(95): warning C4244: 'initializing': conversion from 'double' to 'float', possible loss of data
c:\users\koustubh dwivedy\downloads\code\sph\sph\kernels.h(97): warning C4244: 'initializing': conversion from 'double' to 'float', possible loss of data
c:\users\koustubh dwivedy\downloads\code\sph\sph\kernels.h(98): warning C4244: 'initializing': conversion from 'double' to 'float', possible loss of data
c:\users\koustubh dwivedy\downloads\code\sph\sph\kernels.h(108): warning C4244: 'initializing': conversion from 'double' to 'float', possible loss of data
c:\users\koustubh dwivedy\downloads\code\sph\sph\kernels.h(110): warning C4244: 'initializing': conversion from 'double' to 'float', possible loss of data
c:\users\koustubh dwivedy\downloads\code\sph\sph\sph.h(69): warning C4305: '=': truncation from 'double' to 'float'
c:\users\koustubh dwivedy\downloads\code\sph\sph\sph.h(70): warning C4305: '=': truncation from 'double' to 'float'
c:\users\koustubh dwivedy\downloads\code\sph\sph\sph.h(71): warning C4305: '=': truncation from 'double' to 'float'
c:\users\koustubh dwivedy\downloads\code\sph\sph\sph.h(82): warning C4305: '=': truncation from 'double' to 'float'
c:\users\koustubh dwivedy\downloads\code\sph\sph\sph.h(258): warning C4244: '=': conversion from 'double' to 'float', possible loss of data
c:\users\koustubh dwivedy\downloads\code\sph\sph\sph.h(443): warning C4244: '=': conversion from 'double' to 'float', possible loss of data
c:\users\koustubh dwivedy\downloads\code\sph\sph\sph.h(444): warning C4244: '=': conversion from 'double' to 'float', possible loss of data
c:\users\koustubh dwivedy\downloads\code\sph\sph\sph.h(445): warning C4244: '=': conversion from 'double' to 'float', possible loss of data
c:\users\koustubh dwivedy\downloads\code\sph\sph\main.cpp(48): warning C4244: '=': conversion from 'double' to 'float', possible loss of data
c:\users\koustubh dwivedy\downloads\code\sph\sph\main.cpp(49): warning C4244: '=': conversion from 'double' to 'float', possible loss of data
c:\users\koustubh dwivedy\downloads\code\sph\sph\main.cpp(50): warning C4244: '=': conversion from 'double' to 'float', possible loss of data
c:\users\koustubh dwivedy\downloads\code\sph\sph\main.cpp(62): warning C4305: 'argument': truncation from 'double' to 'float'
c:\users\koustubh dwivedy\downloads\code\sph\sph\main.cpp(66): warning C4305: 'argument': truncation from 'double' to 'float'
c:\users\koustubh dwivedy\downloads\code\sph\sph\main.cpp(73): warning C4305: 'argument': truncation from 'double' to 'float'
c:\users\koustubh dwivedy\downloads\code\sph\sph\main.cpp(74): warning C4305: 'argument': truncation from 'double' to 'float'
  sph.vcxproj -> C:\Users\Koustubh Dwivedy\Downloads\CODE\sph\Debug\sph.exe
  sph.vcxproj -> C:\Users\Koustubh Dwivedy\Downloads\CODE\sph\Debug\sph.pdb (Partial PDB)
